[03:32:11] [ServerMain/INFO]: Building unoptimized datafixer
[03:32:12] [ServerMain/INFO]: Environment: authHost='https://authserver.mojang.com', accountsHost='https://api.mojang.com', sessionHost='https://sessionserver.mojang.com', servicesHost='https://api.minecraftservices.com', name='PROD'
[03:32:13] [ServerMain/INFO]: Loaded 7 recipes
[03:32:14] [ServerMain/INFO]: Loaded 1179 advancements
[03:32:14] [Server thread/INFO]: Starting minecraft server version 1.19.3
[03:32:14] [Server thread/INFO]: Loading properties
[03:32:14] [Server thread/INFO]: Default game type: SURVIVAL
[03:32:14] [Server thread/INFO]: Generating keypair
[03:32:14] [Server thread/INFO]: Starting Minecraft server on *:25565
[03:32:14] [Server thread/INFO]: Using epoll channel type
[03:32:14] [Server thread/WARN]: **** SERVER IS RUNNING IN OFFLINE/INSECURE MODE!
[03:32:14] [Server thread/WARN]: The server will make no attempt to authenticate usernames. Beware.
[03:32:14] [Server thread/WARN]: While this makes the game possible to play without internet access, it also opens up the ability for hackers to connect with any username they choose.
[03:32:14] [Server thread/WARN]: To change this, set "online-mode" to "true" in the server.properties file.
[03:32:14] [Server thread/INFO]: Preparing level "world"
[03:32:17] [Server thread/INFO]: Preparing start region for dimension minecraft:overworld
[03:32:20] [Worker-Main-3/INFO]: Preparing spawn area: 0%
[03:32:20] [Worker-Main-1/INFO]: Preparing spawn area: 0%
[03:32:20] [Worker-Main-2/INFO]: Preparing spawn area: 0%
[03:32:20] [Worker-Main-1/INFO]: Preparing spawn area: 0%
[03:32:20] [Worker-Main-2/INFO]: Preparing spawn area: 0%
[03:32:20] [Worker-Main-1/INFO]: Preparing spawn area: 0%
[03:32:20] [Worker-Main-2/INFO]: Preparing spawn area: 0%
[03:32:20] [Worker-Main-2/INFO]: Preparing spawn area: 0%
[03:32:21] [Worker-Main-2/INFO]: Preparing spawn area: 9%
[03:32:21] [Server thread/INFO]: Time elapsed: 4635 ms
[03:32:21] [Server thread/INFO]: Done (7.013s)! For help, type "help"
[03:32:34] [Server thread/INFO]: Tersornpat[/14.207.3.7:64802] logged in with entity id 241 at (50.38156833465855, 64.0, 61.59868169649685)
[03:32:34] [Server thread/INFO]: Tersornpat joined the game
[03:35:09] [Server thread/WARN]: Mismatch in destroy block pos: gp{x=67, y=71, z=115} gp{x=24, y=65, z=62}
[03:35:09] [Server thread/WARN]: Mismatch in destroy block pos: gp{x=67, y=71, z=115} gp{x=26, y=65, z=63}
[03:35:09] [Server thread/WARN]: Mismatch in destroy block pos: gp{x=67, y=71, z=115} gp{x=27, y=65, z=63}
[03:35:09] [Server thread/WARN]: Mismatch in destroy block pos: gp{x=67, y=71, z=115} gp{x=27, y=65, z=63}
[03:35:09] [Server thread/WARN]: Mismatch in destroy block pos: gp{x=67, y=71, z=115} gp{x=27, y=65, z=64}
[03:35:09] [Server thread/WARN]: Mismatch in destroy block pos: gp{x=67, y=71, z=115} gp{x=27, y=65, z=64}
[03:35:09] [Server thread/WARN]: Mismatch in destroy block pos: gp{x=67, y=71, z=115} gp{x=27, y=65, z=64}
[03:35:09] [Server thread/WARN]: Mismatch in destroy block pos: gp{x=67, y=71, z=115} gp{x=28, y=65, z=64}
[03:35:10] [Server thread/WARN]: Mismatch in destroy block pos: gp{x=67, y=71, z=115} gp{x=28, y=65, z=64}
[03:35:10] [Server thread/WARN]: Mismatch in destroy block pos: gp{x=67, y=71, z=115} gp{x=28, y=65, z=64}
[03:35:10] [Server thread/WARN]: Mismatch in destroy block pos: gp{x=67, y=71, z=115} gp{x=29, y=65, z=64}
[03:35:10] [Server thread/WARN]: Mismatch in destroy block pos: gp{x=67, y=71, z=115} gp{x=28, y=65, z=63}
[03:35:10] [Server thread/WARN]: Mismatch in destroy block pos: gp{x=67, y=71, z=115} gp{x=28, y=65, z=63}
[03:35:10] [Server thread/WARN]: Mismatch in destroy block pos: gp{x=67, y=71, z=115} gp{x=28, y=65, z=63}
[03:35:10] [Server thread/WARN]: Mismatch in destroy block pos: gp{x=67, y=71, z=115} gp{x=28, y=65, z=63}
[03:35:10] [Server thread/WARN]: Mismatch in destroy block pos: gp{x=67, y=71, z=115} gp{x=28, y=65, z=63}
[03:35:10] [Server thread/WARN]: Mismatch in destroy block pos: gp{x=67, y=71, z=115} gp{x=27, y=65, z=62}
[03:35:10] [Server thread/WARN]: Mismatch in destroy block pos: gp{x=67, y=71, z=115} gp{x=26, y=65, z=62}
[03:35:10] [Server thread/WARN]: Mismatch in destroy block pos: gp{x=67, y=71, z=115} gp{x=26, y=65, z=62}
[03:35:10] [Server thread/WARN]: Mismatch in destroy block pos: gp{x=67, y=71, z=115} gp{x=25, y=65, z=63}
[03:35:10] [Server thread/WARN]: Mismatch in destroy block pos: gp{x=67, y=71, z=115} gp{x=25, y=65, z=63}
[03:35:11] [Server thread/WARN]: Mismatch in destroy block pos: gp{x=67, y=71, z=115} gp{x=24, y=65, z=63}
[03:35:11] [Server thread/WARN]: Mismatch in destroy block pos: gp{x=67, y=71, z=115} gp{x=23, y=65, z=63}
[03:35:11] [Server thread/WARN]: Mismatch in destroy block pos: gp{x=67, y=71, z=115} gp{x=25, y=65, z=63}
[03:35:21] [Server thread/WARN]: Mismatch in destroy block pos: gp{x=67, y=71, z=115} gp{x=28, y=65, z=64}
[03:35:22] [Server thread/WARN]: Mismatch in destroy block pos: gp{x=67, y=71, z=115} gp{x=29, y=65, z=64}
[03:35:22] [Server thread/WARN]: Mismatch in destroy block pos: gp{x=67, y=71, z=115} gp{x=29, y=65, z=63}
[03:35:22] [Server thread/WARN]: Mismatch in destroy block pos: gp{x=67, y=71, z=115} gp{x=30, y=65, z=63}
[03:35:22] [Server thread/WARN]: Mismatch in destroy block pos: gp{x=67, y=71, z=115} gp{x=31, y=65, z=63}
[03:35:22] [Server thread/WARN]: Mismatch in destroy block pos: gp{x=67, y=71, z=115} gp{x=31, y=65, z=63}
[03:35:22] [Server thread/WARN]: Mismatch in destroy block pos: gp{x=67, y=71, z=115} gp{x=31, y=65, z=63}
[03:35:22] [Server thread/WARN]: Mismatch in destroy block pos: gp{x=67, y=71, z=115} gp{x=32, y=65, z=63}
[03:35:23] [Server thread/WARN]: Mismatch in destroy block pos: gp{x=67, y=71, z=115} gp{x=35, y=65, z=62}
[03:35:23] [Server thread/WARN]: Mismatch in destroy block pos: gp{x=67, y=71, z=115} gp{x=36, y=66, z=62}
[03:35:25] [Server thread/WARN]: Mismatch in destroy block pos: gp{x=67, y=71, z=115} gp{x=38, y=66, z=58}
[03:35:25] [Server thread/WARN]: Mismatch in destroy block pos: gp{x=67, y=71, z=115} gp{x=39, y=66, z=58}
[03:35:25] [Server thread/WARN]: Mismatch in destroy block pos: gp{x=67, y=71, z=115} gp{x=39, y=66, z=58}
[03:35:25] [Server thread/WARN]: Mismatch in destroy block pos: gp{x=67, y=71, z=115} gp{x=39, y=66, z=58}
[03:35:25] [Server thread/WARN]: Mismatch in destroy block pos: gp{x=67, y=71, z=115} gp{x=39, y=66, z=58}
[03:35:25] [Server thread/WARN]: Mismatch in destroy block pos: gp{x=67, y=71, z=115} gp{x=39, y=66, z=58}
[03:35:35] [Server thread/WARN]: Mismatch in destroy block pos: gp{x=66, y=65, z=50} gp{x=67, y=63, z=50}
[03:35:35] [Server thread/WARN]: Mismatch in destroy block pos: gp{x=66, y=65, z=50} gp{x=67, y=63, z=50}
[03:35:35] [Server thread/WARN]: Mismatch in destroy block pos: gp{x=65, y=65, z=47} gp{x=68, y=63, z=48}
[03:35:36] [Server thread/WARN]: Mismatch in destroy block pos: gp{x=65, y=65, z=47} gp{x=68, y=63, z=48}
[03:35:36] [Server thread/WARN]: Mismatch in destroy block pos: gp{x=67, y=65, z=48} gp{x=68, y=63, z=48}
[03:37:40] [Server thread/WARN]: Mismatch in destroy block pos: gp{x=-52, y=64, z=98} gp{x=-53, y=64, z=97}
[03:38:24] [Server thread/INFO]: Tersornpat has made the advancement [Stone Age]
[03:38:40] [Server thread/INFO]: Tersornpat has made the advancement [Getting an Upgrade]
[03:42:41] [Server thread/INFO]: Tersornpat has made the advancement [A Seedy Place]
[03:43:36] [Server thread/INFO]: Tersornpat lost connection: Disconnected
[03:43:36] [Server thread/INFO]: Tersornpat left the game
[03:44:47] [Server thread/INFO]: Stopping the server
[03:44:47] [Server thread/INFO]: Stopping server
[03:44:47] [Server thread/INFO]: Saving players
[03:44:47] [Server thread/INFO]: Saving worlds
[03:44:48] [Server thread/INFO]: Saving chunks for level 'ServerLevel[world]'/minecraft:overworld
[03:44:48] [Server thread/INFO]: Saving chunks for level 'ServerLevel[world]'/minecraft:the_end
[03:44:48] [Server thread/INFO]: Saving chunks for level 'ServerLevel[world]'/minecraft:the_nether
[03:44:48] [Server thread/INFO]: ThreadedAnvilChunkStorage (world): All chunks are saved
[03:44:48] [Server thread/INFO]: ThreadedAnvilChunkStorage (DIM1): All chunks are saved
[03:44:48] [Server thread/INFO]: ThreadedAnvilChunkStorage (DIM-1): All chunks are saved
[03:44:48] [Server thread/INFO]: ThreadedAnvilChunkStorage: All dimensions are saved
